<?xml version="1.0" encoding="UTF-8"?>
<testsuite xmlns:xsi="http://www.w3.org/2001/XMLSchema-instance" xsi:noNamespaceSchemaLocation="https://maven.apache.org/surefire/maven-surefire-plugin/xsd/surefire-test-report-3.0.xsd" version="3.0" name="com.saraswati.auth.SaraswatiAuthApplicationTests" time="27.155" tests="1" errors="0" skipped="0" failures="0">
  <properties>
[...]
</properties>
  <testcase name="contextLoads" classname="com.saraswati.auth.SaraswatiAuthApplicationTests" time="0.805">
    <system-out><![CDATA[22:14:26.406 [main] INFO org.springframework.test.context.support.AnnotationConfigContextLoaderUtils -- Could not detect default configuration classes for test class [com.saraswati.auth.SaraswatiAuthApplicationTests]: SaraswatiAuthApplicationTests does not declare any static, non-private, non-final, nested classes annotated with @Configuration.
22:14:26.529 [main] INFO org.springframework.boot.test.context.SpringBootTestContextBootstrapper -- Found @SpringBootConfiguration com.saraswati.auth.SaraswatiAuthApplication for test class com.saraswati.auth.SaraswatiAuthApplicationTests
  .   ____          _            __ _ _
 /\\ / ___'_ __ _ _(_)_ __  __ _ \ \ \ \
( ( )\___ | '_ | '_| | '_ \/ _` | \ \ \ \
 \\/  ___)| |_)| | | | | || (_| |  ) ) ) )
  '  |____| .__|_| |_|_| |_\__, | / / / /
 =========|_|==============|___/=/_/_/_/

 :: Spring Boot ::                (v3.3.0)

2026-09-02T22:14:27.111+05:30  INFO 30772 --- [           main] c.s.auth.SaraswatiAuthApplicationTests   : Starting SaraswatiAuthApplicationTests using Java 17.0.12 with PID 30772 (started by rajiv in C:\Saraswati Coaching\saraswati-auth)
2026-09-02T22:14:27.111+05:30 DEBUG 30772 --- [           main] c.s.auth.SaraswatiAuthApplicationTests   : Running with Spring Boot v3.3.0, Spring v6.1.8
2026-09-02T22:14:27.111+05:30  INFO 30772 --- [           main] c.s.auth.SaraswatiAuthApplicationTests   : The following 1 profile is active: "test"
2026-09-02T22:14:29.280+05:30  INFO 30772 --- [           main] .s.d.r.c.RepositoryConfigurationDelegate : Bootstrapping Spring Data JPA repositories in DEFAULT mode.
2026-09-02T22:14:29.466+05:30  INFO 30772 --- [           main] .s.d.r.c.RepositoryConfigurationDelegate : Finished Spring Data repository scanning in 164 ms. Found 3 JPA repository interfaces.
2026-09-02T22:14:36.012+05:30  INFO 30772 --- [           main] o.hibernate.jpa.internal.util.LogHelper  : HHH000204: Processing PersistenceUnitInfo [name: default]
2026-09-02T22:14:36.593+05:30  INFO 30772 --- [           main] org.hibernate.Version                    : HHH000412: Hibernate ORM core version 6.5.2.Final
2026-09-02T22:14:37.146+05:30  INFO 30772 --- [           main] o.h.c.internal.RegionFactoryInitiator    : HHH000026: Second-level cache disabled
2026-09-02T22:14:38.351+05:30  INFO 30772 --- [           main] o.s.o.j.p.SpringPersistenceUnitInfo      : No LoadTimeWeaver setup: ignoring JPA class transformer
2026-09-02T22:14:38.439+05:30  INFO 30772 --- [           main] com.zaxxer.hikari.HikariDataSource       : HikariPool-1 - Starting...
2026-09-02T22:14:38.848+05:30  INFO 30772 --- [           main] com.zaxxer.hikari.pool.HikariPool        : HikariPool-1 - Added connection com.mysql.cj.jdbc.ConnectionImpl@6dd38df2
2026-09-02T22:14:38.855+05:30  INFO 30772 --- [           main] com.zaxxer.hikari.HikariDataSource       : HikariPool-1 - Start completed.
2026-09-02T22:14:38.983+05:30  WARN 30772 --- [           main] org.hibernate.orm.deprecation            : HHH90000025: MySQLDialect does not need to be specified explicitly using 'hibernate.dialect' (remove the property setting and it will be selected by default)
2026-09-02T22:14:41.589+05:30  INFO 30772 --- [           main] o.h.e.t.j.p.i.JtaPlatformInitiator       : HHH000489: No JTA platform available (set 'hibernate.transaction.jta.platform' to enable JTA platform integration)
2026-09-02T22:14:41.779+05:30  INFO 30772 --- [           main] j.LocalContainerEntityManagerFactoryBean : Initialized JPA EntityManagerFactory for persistence unit 'default'
2026-09-02T22:14:45.642+05:30  INFO 30772 --- [           main] eAuthenticationProviderManagerConfigurer : Global AuthenticationManager configured with AuthenticationProvider bean with name authenticationProvider
2026-09-02T22:14:45.740+05:30  WARN 30772 --- [           main] r$InitializeUserDetailsManagerConfigurer : Global AuthenticationManager configured with an AuthenticationProvider bean. UserDetailsService beans will not be used for username/password login. Consider removing the AuthenticationProvider bean. Alternatively, consider using the UserDetailsService in a manually instantiated DaoAuthenticationProvider.
2026-09-02T22:14:48.416+05:30  WARN 30772 --- [           main] JpaBaseConfiguration$JpaWebConfiguration : spring.jpa.open-in-view is enabled by default. Therefore, database queries may be performed during view rendering. Explicitly configure spring.jpa.open-in-view to disable this warning
2026-09-02T22:14:51.133+05:30  INFO 30772 --- [           main] o.s.s.web.DefaultSecurityFilterChain     : Will secure any request with [org.springframework.security.web.session.DisableEncodeUrlFilter@3638120f, org.springframework.security.web.context.request.async.WebAsyncManagerIntegrationFilter@7bf3bf2e, org.springframework.security.web.context.SecurityContextHolderFilter@5a457aa1, org.springframework.security.web.header.HeaderWriterFilter@3f2bf80d, org.springframework.web.filter.CorsFilter@581cb879, org.springframework.security.web.authentication.logout.LogoutFilter@11efa76e, com.saraswati.auth.security.JwtAuthenticationFilter@54da736e, org.springframework.security.web.savedrequest.RequestCacheAwareFilter@50e32998, org.springframework.security.web.servletapi.SecurityContextHolderAwareRequestFilter@47bae235, org.springframework.security.web.authentication.AnonymousAuthenticationFilter@6a77953c, org.springframework.security.web.session.SessionManagementFilter@a94c8e3, org.springframework.security.web.access.ExceptionTranslationFilter@68fec965, org.springframework.security.web.access.intercept.AuthorizationFilter@2aacf54b]
2026-09-02T22:14:52.418+05:30  INFO 30772 --- [           main] c.s.auth.SaraswatiAuthApplicationTests   : Started SaraswatiAuthApplicationTests in 25.684 seconds (process running for 27.187)
]]></system-out>
  </testcase>
</testsuite>